[2025-06-04 18:04:19] Generated receipt PDF for sale ID: 54
[2025-06-04 18:11:43] Fetched most sold products for date range: 2025-06-03 to 2025-06-04
[2025-06-04 18:33:04] Fetched inventory
[2025-06-04 18:33:29] Fetched inventory
[2025-06-04 18:33:41] Updated product ID: 8
[2025-06-04 18:33:43] Fetched inventory
[2025-06-04 18:34:16] Added product: Charger
[2025-06-04 18:34:18] Fetched inventory
[2025-06-04 18:34:39] Deleted product ID: 21
[2025-06-04 18:34:43] Fetched inventory
[2025-06-04 18:34:46] Deleted product ID: 19
[2025-06-04 18:34:47] Fetched inventory
[2025-06-04 18:34:50] Deleted product ID: 18
[2025-06-04 18:34:52] Fetched inventory
[2025-06-04 18:35:01] Error deleting product: SQLSTATE[23000]: Integrity constraint violation: 1451 Cannot delete or update a parent row: a foreign key constraint fails (`pos_demo`.`sale_items`, CONSTRAINT `sale_items_ibfk_1` FOREIGN KEY (`product_id`) REFERENCES `products` (`id`))
[2025-06-04 18:35:50] Error deleting product: SQLSTATE[23000]: Integrity constraint violation: 1451 Cannot delete or update a parent row: a foreign key constraint fails (`pos_demo`.`sale_items`, CONSTRAINT `sale_items_ibfk_1` FOREIGN KEY (`product_id`) REFERENCES `products` (`id`))
[2025-06-04 18:35:58] Error deleting product: SQLSTATE[23000]: Integrity constraint violation: 1451 Cannot delete or update a parent row: a foreign key constraint fails (`pos_demo`.`sale_items`, CONSTRAINT `sale_items_ibfk_1` FOREIGN KEY (`product_id`) REFERENCES `products` (`id`))
[2025-06-04 18:36:08] Error deleting product: SQLSTATE[23000]: Integrity constraint violation: 1451 Cannot delete or update a parent row: a foreign key constraint fails (`pos_demo`.`sale_items`, CONSTRAINT `sale_items_ibfk_1` FOREIGN KEY (`product_id`) REFERENCES `products` (`id`))
[2025-06-04 18:36:17] Error deleting product: SQLSTATE[23000]: Integrity constraint violation: 1451 Cannot delete or update a parent row: a foreign key constraint fails (`pos_demo`.`sale_items`, CONSTRAINT `sale_items_ibfk_1` FOREIGN KEY (`product_id`) REFERENCES `products` (`id`))
[2025-06-04 18:36:25] Deleted product ID: 22
[2025-06-04 18:36:27] Fetched inventory
[2025-06-04 18:36:32] Error deleting product: SQLSTATE[23000]: Integrity constraint violation: 1451 Cannot delete or update a parent row: a foreign key constraint fails (`pos_demo`.`sale_items`, CONSTRAINT `sale_items_ibfk_1` FOREIGN KEY (`product_id`) REFERENCES `products` (`id`))
[2025-06-04 19:25:57] Generated receipt PDF for sale ID: 55
[2025-06-04 19:26:32] Added product: Charger
[2025-06-04 19:31:11] Fetched most sold products for date range: 2025-03-06 to 2025-06-04
[2025-06-04 20:46:54] Fetched most sold products for date range: 2025-03-06 to 2025-06-04
[2025-06-04 20:46:56] Fetched most sold products for date range: 2025-03-06 to 2025-06-04
[2025-06-04 20:46:57] Fetched most sold products for date range: 2025-03-06 to 2025-06-04
[2025-06-04 20:47:33] Fetched most sold products for date range: 2025-03-06 to 2025-06-04
[2025-06-04 21:46:18] Fetched inventory
[2025-06-04 21:46:26] Updated product ID: 8
[2025-06-04 21:46:32] Updated product ID: 8
[2025-06-04 21:46:37] Updated product ID: 8
[2025-06-04 21:46:41] Updated product ID: 8
[2025-06-04 21:46:48] Updated product ID: 8
[2025-06-04 22:10:15] Fetched most sold products for date range: 2025-02-06 to 2025-06-04
[2025-06-04 22:22:27] Fetched most sold products for date range: 2025-02-06 to 2025-06-04
[2025-06-04 22:27:29] Fetched inventory
[2025-06-04 22:27:35] Updated product ID: 8
[2025-06-04 22:27:37] Fetched inventory
[2025-06-04 23:02:35] Fetched inventory
[2025-06-05 00:03:43] Fetched inventory
[2025-06-05 00:06:24] Fetched most sold products for date range: 2025-03-07 to 2025-06-05
[2025-06-05 00:11:13] Fetched inventory
[2025-06-05 00:11:53] Fetched inventory
[2025-06-05 00:11:58] Updated product ID: 8
[2025-06-05 00:12:00] Fetched inventory
[2025-06-05 00:12:08] Updated product ID: 8
[2025-06-05 00:12:10] Fetched inventory
[2025-06-05 02:24:24] Fetched most sold products for date range: 2025-03-07 to 2025-06-05
[2025-06-05 02:24:28] Fetched inventory
[2025-06-05 02:24:28] Fetched inventory
[2025-06-05 02:24:36] Updated product ID: 8
[2025-06-05 02:24:38] Fetched inventory
[2025-06-05 14:50:50] Fetched inventory
[2025-06-05 14:50:50] Fetched inventory
[2025-06-05 14:51:14] Deleted product ID: 24
[2025-06-05 14:51:17] Fetched inventory
[2025-06-05 14:51:20] Deleted product ID: 28
[2025-06-05 14:51:21] Fetched inventory
[2025-06-05 14:51:25] Deleted product ID: 31
[2025-06-05 14:51:26] Fetched inventory
[2025-06-05 14:51:30] Deleted product ID: 33
[2025-06-05 14:51:31] Fetched inventory
[2025-06-05 14:51:35] Deleted product ID: 32
[2025-06-05 14:51:36] Fetched inventory
[2025-06-05 14:51:39] Deleted product ID: 26
[2025-06-05 14:51:40] Fetched inventory
[2025-06-05 14:52:00] Added product: Power Bank
[2025-06-05 14:52:03] Fetched inventory
[2025-06-05 14:54:25] Generated receipt PDF for sale ID: 59
[2025-06-05 14:54:54] Fetched most sold products for date range: 2025-03-07 to 2025-06-05
[2025-06-05 14:55:03] Fetched inventory
[2025-06-05 14:55:03] Fetched inventory
[2025-06-05 20:05:31] Fetched most sold products for date range: 2025-05-05 to 2025-06-05
[2025-06-05 20:05:39] Fetched inventory
[2025-06-05 20:05:39] Fetched inventory
[2025-06-05 20:05:46] Updated product ID: 8
[2025-06-05 20:05:48] Fetched inventory
[2025-06-05 20:35:29] Fetched inventory
[2025-06-05 20:35:29] Fetched inventory
[2025-06-09 13:09:06] Generated receipt PDF for sale ID: 64
[2025-06-09 13:10:08] Fetched most sold products for date range: 2025-03-11 to 2025-06-09
[2025-06-09 13:10:27] Fetched inventory
[2025-06-09 13:10:27] Fetched inventory
[2025-06-09 13:10:35] Updated product ID: 8
[2025-06-09 13:10:36] Fetched inventory
[2025-06-09 13:10:43] Deleted product ID: 28
[2025-06-09 13:10:46] Fetched inventory
[2025-06-09 13:10:49] Deleted product ID: 26
[2025-06-09 13:10:50] Fetched inventory
[2025-06-09 13:10:53] Deleted product ID: 24
[2025-06-09 13:10:54] Fetched inventory
[2025-06-09 13:11:15] Deleted product ID: 34
[2025-06-09 13:11:17] Fetched inventory
[2025-06-09 13:11:20] Deleted product ID: 36
[2025-06-09 13:11:21] Fetched inventory
[2025-06-09 13:11:47] Error adding product: Barcode already exists.
[2025-06-09 13:11:56] Added product: screen
[2025-06-09 13:11:57] Fetched inventory
[2025-06-09 16:26:38] Fetched inventory
[2025-06-09 16:27:40] Fetched inventory
[2025-06-09 16:27:40] Fetched inventory
[2025-06-09 16:27:47] Updated product ID: 8
[2025-06-09 16:27:49] Fetched inventory
